2026-03-06 09:45:06.486 --- ERROR --- SYSTEM --- 	New password must differ from current password
2026-03-06 09:52:31.561 --- ERROR --- SYSTEM --- 	Invalid credentials
2026-03-06 09:52:34.001 --- ERROR --- SYSTEM --- 	Invalid credentials
2026-03-06 09:52:35.316 --- ERROR --- SYSTEM --- 	Invalid credentials
2026-03-06 09:52:36.369 --- ERROR --- SYSTEM --- 	Invalid credentials
2026-03-06 09:52:37.815 --- ERROR --- SYSTEM --- 	Invalid credentials
2026-03-06 09:52:49.401 --- ERROR --- SYSTEM --- 	Account locked. Please try again later
2026-03-06 09:53:05.865 --- ERROR --- SYSTEM --- 	Account locked. Please try again later
2026-03-06 09:53:34.919 --- ERROR --- SYSTEM --- 	Account locked. Please try again later
2026-03-06 09:55:18.809 --- ERROR --- SYSTEM --- 	Account locked
2026-03-06 12:28:23.686 --- ERROR --- SYSTEM --- 	Access token expired
2026-03-06 12:28:23.703 --- ERROR --- SYSTEM --- 	Access token expired
2026-03-06 12:35:12.183 --- ERROR --- SYSTEM --- 	Invalid access token
2026-03-06 13:07:01.037 --- ERROR --- SYSTEM --- 	Discount code is invalid or expired
2026-03-06 14:23:17.738 --- ERROR --- SYSTEM --- 	Access token expired
2026-03-06 14:36:48.123 --- ERROR --- SYSTEM --- 	This cart is locked for checkout on another session. Please complete payment or wait for reservation timeout.
2026-03-06 14:36:53.648 --- ERROR --- SYSTEM --- 	This cart is locked for checkout on another session. Please complete payment or wait for reservation timeout.
2026-03-06 14:36:56.606 --- ERROR --- SYSTEM --- 	This cart is locked for checkout on another session. Please complete payment or wait for reservation timeout.
2026-03-06 14:36:57.789 --- ERROR --- SYSTEM --- 	This cart is locked for checkout on another session. Please complete payment or wait for reservation timeout.
2026-03-06 14:37:00.343 --- ERROR --- SYSTEM --- 	This cart is locked for checkout on another session. Please complete payment or wait for reservation timeout.
2026-03-06 15:09:46.037 --- ERROR --- SYSTEM --- 	Access token expired
2026-03-06 15:09:46.052 --- ERROR --- SYSTEM --- 	Access token expired
2026-03-06 15:13:06.290 --- ERROR --- SYSTEM --- 	Access token expired
2026-03-06 19:25:29.134 --- ERROR --- SYSTEM --- 	Access token expired
2026-03-06 19:52:02.108 --- ERROR --- SYSTEM --- 	New password must differ from current password
